[debug] [2026-03-13T01:47:49.745Z] ----------------------------------------------------------------------
[debug] [2026-03-13T01:47:49.747Z] Command:       C:\Program Files\nodejs\node.exe C:\Users\thaku\AppData\Roaming\npm\node_modules\firebase-tools\lib\bin\firebase.js deploy
[debug] [2026-03-13T01:47:49.747Z] CLI Version:   15.9.0
[debug] [2026-03-13T01:47:49.747Z] Platform:      win32
[debug] [2026-03-13T01:47:49.748Z] Node Version:  v22.17.1
[debug] [2026-03-13T01:47:49.748Z] Time:          Fri Mar 13 2026 07:17:49 GMT+0530 (India Standard Time)
[debug] [2026-03-13T01:47:49.748Z] ----------------------------------------------------------------------
[debug] 
[debug] [2026-03-13T01:47:52.082Z] > command requires scopes: ["email","openid","https://www.googleapis.com/auth/cloudplatformprojects.readonly","https://www.googleapis.com/auth/firebase","https://www.googleapis.com/auth/cloud-platform"]
[debug] [2026-03-13T01:47:52.082Z] > authorizing via signed-in user (thakuraadarsh1@gmail.com)
[debug] [2026-03-13T01:47:52.082Z] [iam] checking project aadarsh-portfolio-49ac6 for permissions ["firebase.projects.get","firebasehosting.sites.update"]
[debug] [2026-03-13T01:47:52.083Z] Checked if tokens are valid: true, expires at: 1773369074637
[debug] [2026-03-13T01:47:52.083Z] Checked if tokens are valid: true, expires at: 1773369074637
[debug] [2026-03-13T01:47:52.084Z] >>> [apiv2][query] POST https://cloudresourcemanager.googleapis.com/v1/projects/aadarsh-portfolio-49ac6:testIamPermissions [none]
[debug] [2026-03-13T01:47:52.084Z] >>> [apiv2][(partial)header] POST https://cloudresourcemanager.googleapis.com/v1/projects/aadarsh-portfolio-49ac6:testIamPermissions  x-goog-user-project=aadarsh-portfolio-49ac6
[debug] [2026-03-13T01:47:52.084Z] >>> [apiv2][body] POST https://cloudresourcemanager.googleapis.com/v1/projects/aadarsh-portfolio-49ac6:testIamPermissions {"permissions":["firebase.projects.get","firebasehosting.sites.update"]}
[debug] [2026-03-13T01:47:53.617Z] <<< [apiv2][status] POST https://cloudresourcemanager.googleapis.com/v1/projects/aadarsh-portfolio-49ac6:testIamPermissions 200
[debug] [2026-03-13T01:47:53.617Z] <<< [apiv2][body] POST https://cloudresourcemanager.googleapis.com/v1/projects/aadarsh-portfolio-49ac6:testIamPermissions {"permissions":["firebase.projects.get","firebasehosting.sites.update"]}
[debug] [2026-03-13T01:47:53.618Z] Checked if tokens are valid: true, expires at: 1773369074637
[debug] [2026-03-13T01:47:53.618Z] Checked if tokens are valid: true, expires at: 1773369074637
[debug] [2026-03-13T01:47:53.618Z] >>> [apiv2][query] GET https://firebase.googleapis.com/v1beta1/projects/aadarsh-portfolio-49ac6 [none]
[debug] [2026-03-13T01:47:54.230Z] <<< [apiv2][status] GET https://firebase.googleapis.com/v1beta1/projects/aadarsh-portfolio-49ac6 200
[debug] [2026-03-13T01:47:54.230Z] <<< [apiv2][body] GET https://firebase.googleapis.com/v1beta1/projects/aadarsh-portfolio-49ac6 {"projectId":"aadarsh-portfolio-49ac6","projectNumber":"84001613703","displayName":" Aadarsh Portfolio","name":"projects/aadarsh-portfolio-49ac6","resources":{"hostingSite":"aadarsh-portfolio-49ac6"},"state":"ACTIVE","etag":"1_7d88c108-51e9-40c5-843f-cafd1870a45b"}
[info] 
[info] === Deploying to 'aadarsh-portfolio-49ac6'...
[info] 
[info] i  deploying hosting 
[debug] [2026-03-13T01:47:54.234Z] Checked if tokens are valid: true, expires at: 1773369074637
[debug] [2026-03-13T01:47:54.234Z] Checked if tokens are valid: true, expires at: 1773369074637
[debug] [2026-03-13T01:47:54.235Z] >>> [apiv2][query] POST https://firebasehosting.googleapis.com/v1beta1/projects/-/sites/aadarsh-portfolio-49ac6/versions [none]
[debug] [2026-03-13T01:47:54.235Z] >>> [apiv2][body] POST https://firebasehosting.googleapis.com/v1beta1/projects/-/sites/aadarsh-portfolio-49ac6/versions {"status":"CREATED","labels":{"deployment-tool":"cli-firebase"}}
